  menu.cpp
c:\users\alex3\desktop\checkers\square.h(15): warning C4018: '<': signed/unsigned mismatch
c:\users\alex3\desktop\checkers\square.h(24): warning C4018: '<': signed/unsigned mismatch
c:\users\alex3\desktop\checkers\board.h(51): warning C4244: 'argument': conversion from 'int' to 'float', possible loss of data
c:\users\alex3\desktop\checkers\board.h(51): warning C4244: 'argument': conversion from 'double' to 'float', possible loss of data
c:\users\alex3\desktop\checkers\board.h(75): warning C4244: 'argument': conversion from 'int' to 'float', possible loss of data
c:\users\alex3\desktop\checkers\board.h(115): warning C4244: 'argument': conversion from 'int' to 'float', possible loss of data
c:\users\alex3\desktop\checkers\board.h(117): warning C4244: 'argument': conversion from 'int' to 'float', possible loss of data
c:\users\alex3\desktop\checkers\board.h(124): warning C4244: 'argument': conversion from 'int' to 'float', possible loss of data
c:\users\alex3\desktop\checkers\board.h(126): warning C4244: 'argument': conversion from 'int' to 'float', possible loss of data
c:\users\alex3\desktop\checkers\board.h(172): warning C4018: '<': signed/unsigned mismatch
c:\users\alex3\desktop\checkers\checkers_on_board.h(19): warning C4458: declaration of 'time' hides class member
  c:\users\alex3\desktop\checkers\checkers_on_board.h(13): note: see declaration of 'Checkers_on_board::time'
c:\users\alex3\desktop\checkers\checkers_on_board.h(74): warning C4458: declaration of 'time' hides class member
  c:\users\alex3\desktop\checkers\checkers_on_board.h(13): note: see declaration of 'Checkers_on_board::time'
c:\users\alex3\desktop\checkers\checkers_on_board.h(76): warning C4018: '<': signed/unsigned mismatch
c:\users\alex3\desktop\checkers\board_international.h(45): warning C4244: 'argument': conversion from 'int' to 'float', possible loss of data
c:\users\alex3\desktop\checkers\board_international.h(45): warning C4244: 'argument': conversion from 'double' to 'float', possible loss of data
c:\users\alex3\desktop\checkers\board_international.h(69): warning C4244: 'argument': conversion from 'int' to 'float', possible loss of data
c:\users\alex3\desktop\checkers\board_international.h(111): warning C4244: 'argument': conversion from 'int' to 'float', possible loss of data
c:\users\alex3\desktop\checkers\board_international.h(113): warning C4244: 'argument': conversion from 'int' to 'float', possible loss of data
c:\users\alex3\desktop\checkers\board_international.h(120): warning C4244: 'argument': conversion from 'int' to 'float', possible loss of data
c:\users\alex3\desktop\checkers\board_international.h(122): warning C4244: 'argument': conversion from 'int' to 'float', possible loss of data
c:\users\alex3\desktop\checkers\board_international.h(168): warning C4018: '<': signed/unsigned mismatch
c:\users\alex3\desktop\checkers\checkers_on_board_inter.h(76): warning C4018: '<': signed/unsigned mismatch
c:\users\alex3\desktop\checkers\game.h(137): warning C4018: '<': signed/unsigned mismatch
c:\users\alex3\desktop\checkers\game.h(146): warning C4018: '<': signed/unsigned mismatch
c:\users\alex3\desktop\checkers\game.h(155): warning C4018: '<': signed/unsigned mismatch
c:\users\alex3\desktop\checkers\game.h(173): warning C4018: '<': signed/unsigned mismatch
c:\users\alex3\desktop\checkers\game.h(329): warning C4244: 'argument': conversion from 'float' to 'int', possible loss of data
c:\users\alex3\desktop\checkers\game.h(332): warning C4244: 'argument': conversion from 'T' to 'float', possible loss of data
          with
          [
              T=int
          ]
c:\users\alex3\desktop\checkers\game.h(334): warning C4244: '=': conversion from 'int' to 'float', possible loss of data
c:\users\alex3\desktop\checkers\game.h(335): warning C4244: '=': conversion from 'int' to 'float', possible loss of data
c:\users\alex3\desktop\checkers\game.h(343): warning C4244: 'argument': conversion from 'T' to 'float', possible loss of data
          with
          [
              T=int
          ]
c:\users\alex3\desktop\checkers\game.h(347): warning C4244: '=': conversion from 'int' to 'float', possible loss of data
c:\users\alex3\desktop\checkers\game.h(348): warning C4244: '=': conversion from 'int' to 'float', possible loss of data
c:\users\alex3\desktop\checkers\game.h(373): warning C4244: 'argument': conversion from 'float' to 'int', possible loss of data
c:\users\alex3\desktop\checkers\game.h(375): warning C4244: 'argument': conversion from 'T' to 'float', possible loss of data
          with
          [
              T=int
          ]
c:\users\alex3\desktop\checkers\game.h(377): warning C4244: '=': conversion from 'int' to 'float', possible loss of data
c:\users\alex3\desktop\checkers\game.h(378): warning C4244: '=': conversion from 'int' to 'float', possible loss of data
c:\users\alex3\desktop\checkers\game.h(385): warning C4244: 'argument': conversion from 'T' to 'float', possible loss of data
          with
          [
              T=int
          ]
c:\users\alex3\desktop\checkers\game.h(389): warning C4244: '=': conversion from 'int' to 'float', possible loss of data
c:\users\alex3\desktop\checkers\game.h(390): warning C4244: '=': conversion from 'int' to 'float', possible loss of data
c:\users\alex3\desktop\checkers\game.h(419): warning C4244: 'argument': conversion from 'float' to 'int', possible loss of data
c:\users\alex3\desktop\checkers\game.h(423): warning C4244: 'argument': conversion from 'float' to 'int', possible loss of data
c:\users\alex3\desktop\checkers\game.h(427): warning C4244: 'argument': conversion from 'float' to 'int', possible loss of data
c:\users\alex3\desktop\checkers\game.h(431): warning C4244: 'argument': conversion from 'float' to 'int', possible loss of data
c:\users\alex3\desktop\checkers\game.h(443): warning C4458: declaration of 'choiseChecker' hides class member
  c:\users\alex3\desktop\checkers\game.h(107): note: see declaration of 'Game::choiseChecker'
c:\users\alex3\desktop\checkers\game.h(448): warning C4244: 'argument': conversion from 'float' to 'int', possible loss of data
c:\users\alex3\desktop\checkers\game.h(453): warning C4244: 'argument': conversion from 'float' to 'int', possible loss of data
c:\users\alex3\desktop\checkers\game.h(455): warning C4244: 'argument': conversion from 'float' to 'int', possible loss of data
c:\users\alex3\desktop\checkers\game.h(459): warning C4244: 'argument': conversion from 'float' to 'int', possible loss of data
c:\users\alex3\desktop\checkers\game.h(464): warning C4244: 'argument': conversion from 'float' to 'int', possible loss of data
c:\users\alex3\desktop\checkers\game.h(466): warning C4244: 'argument': conversion from 'float' to 'int', possible loss of data
c:\users\alex3\desktop\checkers\game.h(469): warning C4244: 'argument': conversion from 'float' to 'int', possible loss of data
c:\users\alex3\desktop\checkers\game.h(474): warning C4244: 'argument': conversion from 'float' to 'int', possible loss of data
c:\users\alex3\desktop\checkers\game.h(476): warning C4244: 'argument': conversion from 'float' to 'int', possible loss of data
c:\users\alex3\desktop\checkers\game.h(480): warning C4244: 'argument': conversion from 'float' to 'int', possible loss of data
c:\users\alex3\desktop\checkers\game.h(485): warning C4244: 'argument': conversion from 'float' to 'int', possible loss of data
c:\users\alex3\desktop\checkers\game.h(487): warning C4244: 'argument': conversion from 'float' to 'int', possible loss of data
c:\users\alex3\desktop\checkers\game.h(539): warning C4244: 'argument': conversion from 'float' to 'int', possible loss of data
c:\users\alex3\desktop\checkers\game.h(541): warning C4244: 'argument': conversion from 'float' to 'int', possible loss of data
c:\users\alex3\desktop\checkers\game.h(544): warning C4244: 'argument': conversion from 'float' to 'int', possible loss of data
c:\users\alex3\desktop\checkers\game.h(546): warning C4244: 'argument': conversion from 'float' to 'int', possible loss of data
c:\users\alex3\desktop\checkers\game.h(551): warning C4244: 'argument': conversion from 'float' to 'int', possible loss of data
c:\users\alex3\desktop\checkers\game.h(553): warning C4244: 'argument': conversion from 'float' to 'int', possible loss of data
c:\users\alex3\desktop\checkers\game.h(556): warning C4244: 'argument': conversion from 'float' to 'int', possible loss of data
c:\users\alex3\desktop\checkers\game.h(558): warning C4244: 'argument': conversion from 'float' to 'int', possible loss of data
c:\users\alex3\desktop\checkers\game.h(570): warning C4244: 'argument': conversion from 'float' to 'int', possible loss of data
c:\users\alex3\desktop\checkers\game.h(572): warning C4244: 'argument': conversion from 'float' to 'int', possible loss of data
c:\users\alex3\desktop\checkers\game.h(575): warning C4244: 'argument': conversion from 'float' to 'int', possible loss of data
c:\users\alex3\desktop\checkers\game.h(577): warning C4244: 'argument': conversion from 'float' to 'int', possible loss of data
c:\users\alex3\desktop\checkers\game.h(582): warning C4244: 'argument': conversion from 'float' to 'int', possible loss of data
c:\users\alex3\desktop\checkers\game.h(584): warning C4244: 'argument': conversion from 'float' to 'int', possible loss of data
c:\users\alex3\desktop\checkers\game.h(587): warning C4244: 'argument': conversion from 'float' to 'int', possible loss of data
c:\users\alex3\desktop\checkers\game.h(589): warning C4244: 'argument': conversion from 'float' to 'int', possible loss of data
c:\users\alex3\desktop\checkers\game.h(612): warning C4244: 'argument': conversion from 'float' to 'int', possible loss of data
c:\users\alex3\desktop\checkers\game.h(613): warning C4244: 'argument': conversion from 'float' to 'int', possible loss of data
c:\users\alex3\desktop\checkers\game.h(614): warning C4244: 'argument': conversion from 'float' to 'int', possible loss of data
c:\users\alex3\desktop\checkers\game.h(616): warning C4244: 'argument': conversion from 'float' to 'int', possible loss of data
c:\users\alex3\desktop\checkers\game.h(622): warning C4244: 'argument': conversion from 'float' to 'int', possible loss of data
c:\users\alex3\desktop\checkers\game.h(623): warning C4244: 'argument': conversion from 'float' to 'int', possible loss of data
c:\users\alex3\desktop\checkers\game.h(624): warning C4244: 'argument': conversion from 'float' to 'int', possible loss of data
c:\users\alex3\desktop\checkers\game.h(626): warning C4244: 'argument': conversion from 'float' to 'int', possible loss of data
c:\users\alex3\desktop\checkers\game.h(632): warning C4244: 'argument': conversion from 'float' to 'int', possible loss of data
c:\users\alex3\desktop\checkers\game.h(633): warning C4244: 'argument': conversion from 'float' to 'int', possible loss of data
c:\users\alex3\desktop\checkers\game.h(634): warning C4244: 'argument': conversion from 'float' to 'int', possible loss of data
c:\users\alex3\desktop\checkers\game.h(636): warning C4244: 'argument': conversion from 'float' to 'int', possible loss of data
c:\users\alex3\desktop\checkers\game.h(642): warning C4244: 'argument': conversion from 'float' to 'int', possible loss of data
c:\users\alex3\desktop\checkers\game.h(643): warning C4244: 'argument': conversion from 'float' to 'int', possible loss of data
c:\users\alex3\desktop\checkers\game.h(644): warning C4244: 'argument': conversion from 'float' to 'int', possible loss of data
c:\users\alex3\desktop\checkers\game.h(646): warning C4244: 'argument': conversion from 'float' to 'int', possible loss of data
c:\users\alex3\desktop\checkers\game.h(657): warning C4244: 'argument': conversion from 'float' to 'int', possible loss of data
c:\users\alex3\desktop\checkers\game.h(658): warning C4244: 'argument': conversion from 'float' to 'int', possible loss of data
c:\users\alex3\desktop\checkers\game.h(659): warning C4244: 'argument': conversion from 'float' to 'int', possible loss of data
c:\users\alex3\desktop\checkers\game.h(661): warning C4244: 'argument': conversion from 'float' to 'int', possible loss of data
c:\users\alex3\desktop\checkers\game.h(667): warning C4244: 'argument': conversion from 'float' to 'int', possible loss of data
c:\users\alex3\desktop\checkers\game.h(668): warning C4244: 'argument': conversion from 'float' to 'int', possible loss of data
c:\users\alex3\desktop\checkers\game.h(669): warning C4244: 'argument': conversion from 'float' to 'int', possible loss of data
c:\users\alex3\desktop\checkers\game.h(671): warning C4244: 'argument': conversion from 'float' to 'int', possible loss of data
c:\users\alex3\desktop\checkers\game.h(677): warning C4244: 'argument': conversion from 'float' to 'int', possible loss of data
c:\users\alex3\desktop\checkers\game.h(678): warning C4244: 'argument': conversion from 'float' to 'int', possible loss of data
c:\users\alex3\desktop\checkers\game.h(679): warning C4244: 'argument': conversion from 'float' to 'int', possible loss of data
c:\users\alex3\desktop\checkers\game.h(681): warning C4244: 'argument': conversion from 'float' to 'int', possible loss of data
c:\users\alex3\desktop\checkers\game.h(687): warning C4244: 'argument': conversion from 'float' to 'int', possible loss of data
c:\users\alex3\desktop\checkers\game.h(688): warning C4244: 'argument': conversion from 'float' to 'int', possible loss of data
c:\users\alex3\desktop\checkers\game.h(689): warning C4244: 'argument': conversion from 'float' to 'int', possible loss of data
c:\users\alex3\desktop\checkers\game.h(691): warning C4244: 'argument': conversion from 'float' to 'int', possible loss of data
c:\users\alex3\desktop\checkers\game.h(703): warning C4244: 'argument': conversion from 'float' to 'int', possible loss of data
c:\users\alex3\desktop\checkers\game.h(704): warning C4244: 'argument': conversion from 'float' to 'int', possible loss of data
c:\users\alex3\desktop\checkers\game.h(705): warning C4244: 'argument': conversion from 'float' to 'int', possible loss of data
c:\users\alex3\desktop\checkers\game.h(707): warning C4244: 'argument': conversion from 'float' to 'int', possible loss of data
c:\users\alex3\desktop\checkers\game.h(713): warning C4244: 'argument': conversion from 'float' to 'int', possible loss of data
c:\users\alex3\desktop\checkers\game.h(714): warning C4244: 'argument': conversion from 'float' to 'int', possible loss of data
c:\users\alex3\desktop\checkers\game.h(715): warning C4244: 'argument': conversion from 'float' to 'int', possible loss of data
c:\users\alex3\desktop\checkers\game.h(717): warning C4244: 'argument': conversion from 'float' to 'int', possible loss of data
c:\users\alex3\desktop\checkers\game.h(723): warning C4244: 'argument': conversion from 'float' to 'int', possible loss of data
c:\users\alex3\desktop\checkers\game.h(724): warning C4244: 'argument': conversion from 'float' to 'int', possible loss of data
c:\users\alex3\desktop\checkers\game.h(725): warning C4244: 'argument': conversion from 'float' to 'int', possible loss of data
c:\users\alex3\desktop\checkers\game.h(727): warning C4244: 'argument': conversion from 'float' to 'int', possible loss of data
c:\users\alex3\desktop\checkers\game.h(733): warning C4244: 'argument': conversion from 'float' to 'int', possible loss of data
c:\users\alex3\desktop\checkers\game.h(734): warning C4244: 'argument': conversion from 'float' to 'int', possible loss of data
c:\users\alex3\desktop\checkers\game.h(735): warning C4244: 'argument': conversion from 'float' to 'int', possible loss of data
c:\users\alex3\desktop\checkers\game.h(737): warning C4244: 'argument': conversion from 'float' to 'int', possible loss of data
c:\users\alex3\desktop\checkers\game.h(757): warning C4244: 'argument': conversion from 'float' to 'int', possible loss of data
c:\users\alex3\desktop\checkers\game.h(782): warning C4244: 'argument': conversion from 'float' to 'int', possible loss of data
c:\users\alex3\desktop\checkers\game.h(837): warning C4838: conversion from 'int' to 'bool' requires a narrowing conversion
c:\users\alex3\desktop\checkers\game.h(839): warning C4244: 'initializing': conversion from 'float' to 'int', possible loss of data
c:\users\alex3\desktop\checkers\game.h(840): warning C4244: 'initializing': conversion from 'float' to 'int', possible loss of data
c:\users\alex3\desktop\checkers\game.h(844): warning C4244: 'argument': conversion from 'int' to 'float', possible loss of data
c:\users\alex3\desktop\checkers\game.h(850): warning C4244: 'argument': conversion from 'int' to 'float', possible loss of data
c:\users\alex3\desktop\checkers\game.h(874): warning C4244: '=': conversion from 'float' to 'int', possible loss of data
c:\users\alex3\desktop\checkers\game.h(875): warning C4244: '=': conversion from 'float' to 'int', possible loss of data
c:\users\alex3\desktop\checkers\game.h(877): warning C4244: 'argument': conversion from 'int' to 'float', possible loss of data
c:\users\alex3\desktop\checkers\game.h(883): warning C4244: 'argument': conversion from 'int' to 'float', possible loss of data
c:\users\alex3\desktop\checkers\game.h(907): warning C4244: '=': conversion from 'float' to 'int', possible loss of data
c:\users\alex3\desktop\checkers\game.h(908): warning C4244: '=': conversion from 'float' to 'int', possible loss of data
c:\users\alex3\desktop\checkers\game.h(910): warning C4244: 'argument': conversion from 'int' to 'float', possible loss of data
c:\users\alex3\desktop\checkers\game.h(916): warning C4244: 'argument': conversion from 'int' to 'float', possible loss of data
c:\users\alex3\desktop\checkers\game.h(940): warning C4244: '=': conversion from 'float' to 'int', possible loss of data
c:\users\alex3\desktop\checkers\game.h(941): warning C4244: '=': conversion from 'float' to 'int', possible loss of data
c:\users\alex3\desktop\checkers\game.h(943): warning C4244: 'argument': conversion from 'int' to 'float', possible loss of data
c:\users\alex3\desktop\checkers\game.h(949): warning C4244: 'argument': conversion from 'int' to 'float', possible loss of data
c:\users\alex3\desktop\checkers\game.h(984): warning C4838: conversion from 'int' to 'bool' requires a narrowing conversion
c:\users\alex3\desktop\checkers\game.h(986): warning C4244: 'initializing': conversion from 'float' to 'int', possible loss of data
c:\users\alex3\desktop\checkers\game.h(987): warning C4244: 'initializing': conversion from 'float' to 'int', possible loss of data
c:\users\alex3\desktop\checkers\game.h(991): warning C4244: 'argument': conversion from 'int' to 'float', possible loss of data
c:\users\alex3\desktop\checkers\game.h(997): warning C4244: 'argument': conversion from 'int' to 'float', possible loss of data
c:\users\alex3\desktop\checkers\game.h(1021): warning C4244: '=': conversion from 'float' to 'int', possible loss of data
c:\users\alex3\desktop\checkers\game.h(1022): warning C4244: '=': conversion from 'float' to 'int', possible loss of data
c:\users\alex3\desktop\checkers\game.h(1024): warning C4244: 'argument': conversion from 'int' to 'float', possible loss of data
c:\users\alex3\desktop\checkers\game.h(1030): warning C4244: 'argument': conversion from 'int' to 'float', possible loss of data
c:\users\alex3\desktop\checkers\game.h(1054): warning C4244: '=': conversion from 'float' to 'int', possible loss of data
c:\users\alex3\desktop\checkers\game.h(1055): warning C4244: '=': conversion from 'float' to 'int', possible loss of data
c:\users\alex3\desktop\checkers\game.h(1057): warning C4244: 'argument': conversion from 'int' to 'float', possible loss of data
c:\users\alex3\desktop\checkers\game.h(1063): warning C4244: 'argument': conversion from 'int' to 'float', possible loss of data
c:\users\alex3\desktop\checkers\game.h(1087): warning C4244: '=': conversion from 'float' to 'int', possible loss of data
c:\users\alex3\desktop\checkers\game.h(1088): warning C4244: '=': conversion from 'float' to 'int', possible loss of data
c:\users\alex3\desktop\checkers\game.h(1090): warning C4244: 'argument': conversion from 'int' to 'float', possible loss of data
c:\users\alex3\desktop\checkers\game.h(1096): warning C4244: 'argument': conversion from 'int' to 'float', possible loss of data
c:\users\alex3\desktop\checkers\game.h(1131): warning C4838: conversion from 'int' to 'bool' requires a narrowing conversion
c:\users\alex3\desktop\checkers\game.h(1133): warning C4244: 'initializing': conversion from 'float' to 'int', possible loss of data
c:\users\alex3\desktop\checkers\game.h(1134): warning C4244: 'initializing': conversion from 'float' to 'int', possible loss of data
c:\users\alex3\desktop\checkers\game.h(1138): warning C4244: 'argument': conversion from 'int' to 'float', possible loss of data
c:\users\alex3\desktop\checkers\game.h(1144): warning C4244: 'argument': conversion from 'int' to 'float', possible loss of data
c:\users\alex3\desktop\checkers\game.h(1168): warning C4244: '=': conversion from 'float' to 'int', possible loss of data
c:\users\alex3\desktop\checkers\game.h(1169): warning C4244: '=': conversion from 'float' to 'int', possible loss of data
c:\users\alex3\desktop\checkers\game.h(1171): warning C4244: 'argument': conversion from 'int' to 'float', possible loss of data
c:\users\alex3\desktop\checkers\game.h(1177): warning C4244: 'argument': conversion from 'int' to 'float', possible loss of data
c:\users\alex3\desktop\checkers\game.h(1201): warning C4244: '=': conversion from 'float' to 'int', possible loss of data
c:\users\alex3\desktop\checkers\game.h(1202): warning C4244: '=': conversion from 'float' to 'int', possible loss of data
c:\users\alex3\desktop\checkers\game.h(1204): warning C4244: 'argument': conversion from 'int' to 'float', possible loss of data
c:\users\alex3\desktop\checkers\game.h(1210): warning C4244: 'argument': conversion from 'int' to 'float', possible loss of data
c:\users\alex3\desktop\checkers\game.h(1234): warning C4244: '=': conversion from 'float' to 'int', possible loss of data
c:\users\alex3\desktop\checkers\game.h(1235): warning C4244: '=': conversion from 'float' to 'int', possible loss of data
c:\users\alex3\desktop\checkers\game.h(1237): warning C4244: 'argument': conversion from 'int' to 'float', possible loss of data
c:\users\alex3\desktop\checkers\game.h(1243): warning C4244: 'argument': conversion from 'int' to 'float', possible loss of data
c:\users\alex3\desktop\checkers\game.h(1283): warning C4244: 'initializing': conversion from 'float' to 'int', possible loss of data
c:\users\alex3\desktop\checkers\game.h(1284): warning C4244: 'initializing': conversion from 'float' to 'int', possible loss of data
c:\users\alex3\desktop\checkers\game.h(1301): warning C4244: 'initializing': conversion from 'float' to 'int', possible loss of data
c:\users\alex3\desktop\checkers\game.h(1302): warning C4244: 'initializing': conversion from 'float' to 'int', possible loss of data
c:\users\alex3\desktop\checkers\game.h(1319): warning C4244: 'initializing': conversion from 'float' to 'int', possible loss of data
c:\users\alex3\desktop\checkers\game.h(1320): warning C4244: 'initializing': conversion from 'float' to 'int', possible loss of data
c:\users\alex3\desktop\checkers\game.h(1337): warning C4244: 'initializing': conversion from 'float' to 'int', possible loss of data
c:\users\alex3\desktop\checkers\game.h(1338): warning C4244: 'initializing': conversion from 'float' to 'int', possible loss of data
c:\users\alex3\desktop\checkers\game.h(1357): warning C4244: 'argument': conversion from 'float' to 'int', possible loss of data
c:\users\alex3\desktop\checkers\game.h(1377): warning C4244: 'initializing': conversion from 'float' to 'int', possible loss of data
c:\users\alex3\desktop\checkers\game.h(1378): warning C4244: 'initializing': conversion from 'float' to 'int', possible loss of data
c:\users\alex3\desktop\checkers\game.h(1395): warning C4244: 'initializing': conversion from 'float' to 'int', possible loss of data
c:\users\alex3\desktop\checkers\game.h(1396): warning C4244: 'initializing': conversion from 'float' to 'int', possible loss of data
c:\users\alex3\desktop\checkers\game.h(1413): warning C4244: 'initializing': conversion from 'float' to 'int', possible loss of data
c:\users\alex3\desktop\checkers\game.h(1414): warning C4244: 'initializing': conversion from 'float' to 'int', possible loss of data
c:\users\alex3\desktop\checkers\game.h(1431): warning C4244: 'initializing': conversion from 'float' to 'int', possible loss of data
c:\users\alex3\desktop\checkers\game.h(1432): warning C4244: 'initializing': conversion from 'float' to 'int', possible loss of data
c:\users\alex3\desktop\checkers\game.h(1451): warning C4244: 'argument': conversion from 'float' to 'int', possible loss of data
c:\users\alex3\desktop\checkers\game.h(1560): warning C4100: '_event': unreferenced formal parameter
c:\users\alex3\desktop\checkers\game.h(1560): warning C4100: '_window': unreferenced formal parameter
c:\users\alex3\desktop\checkers\game.h(1659): warning C4456: declaration of 'out' hides previous local declaration
  c:\users\alex3\desktop\checkers\game.h(1653): note: see declaration of 'out'
c:\users\alex3\desktop\checkers\game.h(1666): warning C4457: declaration of '_window' hides function parameter
  c:\users\alex3\desktop\checkers\game.h(1568): note: see declaration of '_window'
c:\users\alex3\desktop\checkers\game.h(1730): warning C4456: declaration of 'out' hides previous local declaration
  c:\users\alex3\desktop\checkers\game.h(1724): note: see declaration of 'out'
c:\users\alex3\desktop\checkers\game.h(1737): warning C4457: declaration of '_window' hides function parameter
  c:\users\alex3\desktop\checkers\game.h(1568): note: see declaration of '_window'
c:\users\alex3\desktop\checkers\game.h(1568): warning C4100: '_event': unreferenced formal parameter
c:\users\alex3\desktop\checkers\menu.cpp(21): warning C4100: 'window': unreferenced formal parameter
c:\users\alex3\desktop\checkers\menu.cpp(398): warning C4100: 'window': unreferenced formal parameter
c:\users\alex3\desktop\checkers\menu.cpp(849): warning C4456: declaration of 'in' hides previous local declaration
  c:\users\alex3\desktop\checkers\menu.cpp(778): note: see declaration of 'in'
c:\users\alex3\desktop\checkers\menu.cpp(858): warning C4018: '<': signed/unsigned mismatch
c:\users\alex3\desktop\checkers\menu.cpp(867): warning C4018: '<': signed/unsigned mismatch
c:\users\alex3\desktop\checkers\menu.cpp(876): warning C4018: '<': signed/unsigned mismatch
c:\users\alex3\desktop\checkers\game.h(195): warning C4715: 'Game::centre_on_square': not all control paths return a value
c:\users\alex3\desktop\checkers\game.h(608): warning C4715: 'Game::chance_eat_checker': not all control paths return a value
c:\users\alex3\desktop\checkers\game.h(1274): warning C4715: 'Game::queen_square_for_move_Russian': not all control paths return a value
c:\users\alex3\desktop\checkers\game.h(1127): warning C4715: 'Game::queen_square_for_move_Checkers': not all control paths return a value
c:\users\alex3\desktop\checkers\game.h(980): warning C4715: 'Game::queen_square_for_move_Inter': not all control paths return a value
  ChessDDZ.vcxproj -> C:\Users\alex3\Desktop\Checkers\Debug\ChessDDZ.exe
