c:\dev\checkersddz\checkers\x64\debug\vc141.pdb
c:\dev\checkersddz\checkers\x64\debug\vc141.idb
c:\dev\checkersddz\checkers\x64\debug\menu.obj
c:\dev\checkersddz\checkers\x64\debug\main.obj
c:\dev\checkersddz\checkers\x64\debug\chessddz.exe
c:\dev\checkersddz\checkers\x64\debug\chessddz.ilk
c:\dev\checkersddz\checkers\x64\debug\chessddz.pdb
c:\dev\checkersddz\checkers\x64\debug\resource.res
c:\users\zzzzr\checkersddz\checkers\x64\debug\main.obj
c:\users\zzzzr\checkersddz\checkers\x64\debug\menu.obj
c:\users\zzzzr\checkersddz\checkers\x64\debug\chessddz.ilk
c:\users\zzzzr\checkersddz\checkers\x64\debug\resource.res
c:\users\zzzzr\checkersddz\checkers\x64\debug\vc141.idb
c:\users\zzzzr\checkersddz\checkers\x64\debug\chessddz.pdb
c:\users\zzzzr\checkersddz\checkers\x64\debug\vc141.pdb
c:\users\zzzzr\checkersddz\checkers\x64\debug\chessddz.exe
c:\users\zzzzr\checkersddz\checkers\x64\debug\chessddz.tlog\cl.command.1.tlog
c:\users\zzzzr\checkersddz\checkers\x64\debug\chessddz.tlog\cl.read.1.tlog
c:\users\zzzzr\checkersddz\checkers\x64\debug\chessddz.tlog\cl.write.1.tlog
c:\users\zzzzr\checkersddz\checkers\x64\debug\chessddz.tlog\link.command.1.tlog
c:\users\zzzzr\checkersddz\checkers\x64\debug\chessddz.tlog\link.read.1.tlog
c:\users\zzzzr\checkersddz\checkers\x64\debug\chessddz.tlog\link.write.1.tlog
c:\users\zzzzr\checkersddz\checkers\x64\debug\chessddz.tlog\rc.command.1.tlog
c:\users\zzzzr\checkersddz\checkers\x64\debug\chessddz.tlog\rc.read.1.tlog
c:\users\zzzzr\checkersddz\checkers\x64\debug\chessddz.tlog\rc.write.1.tlog
