  menu.cpp
c:\users\alex3\desktop\checkers\square.h(15): warning C4018: '<': signed/unsigned mismatch
c:\users\alex3\desktop\checkers\square.h(24): warning C4018: '<': signed/unsigned mismatch
c:\users\alex3\desktop\checkers\board.h(51): warning C4244: 'argument': conversion from 'int' to 'float', possible loss of data
c:\users\alex3\desktop\checkers\board.h(51): warning C4244: 'argument': conversion from 'double' to 'float', possible loss of data
c:\users\alex3\desktop\checkers\board.h(75): warning C4244: 'argument': conversion from 'int' to 'float', possible loss of data
c:\users\alex3\desktop\checkers\board.h(115): warning C4244: 'argument': conversion from 'int' to 'float', possible loss of data
c:\users\alex3\desktop\checkers\board.h(117): warning C4244: 'argument': conversion from 'int' to 'float', possible loss of data
c:\users\alex3\desktop\checkers\board.h(124): warning C4244: 'argument': conversion from 'int' to 'float', possible loss of data
c:\users\alex3\desktop\checkers\board.h(126): warning C4244: 'argument': conversion from 'int' to 'float', possible loss of data
c:\users\alex3\desktop\checkers\board.h(172): warning C4018: '<': signed/unsigned mismatch
c:\users\alex3\desktop\checkers\checkers_on_board.h(19): warning C4458: declaration of 'time' hides class member
  c:\users\alex3\desktop\checkers\checkers_on_board.h(13): note: see declaration of 'Checkers_on_board::time'
c:\users\alex3\desktop\checkers\checkers_on_board.h(74): warning C4458: declaration of 'time' hides class member
  c:\users\alex3\desktop\checkers\checkers_on_board.h(13): note: see declaration of 'Checkers_on_board::time'
c:\users\alex3\desktop\checkers\checkers_on_board.h(76): warning C4018: '<': signed/unsigned mismatch
c:\users\alex3\desktop\checkers\board_international.h(45): warning C4244: 'argument': conversion from 'int' to 'float', possible loss of data
c:\users\alex3\desktop\checkers\board_international.h(45): warning C4244: 'argument': conversion from 'double' to 'float', possible loss of data
c:\users\alex3\desktop\checkers\board_international.h(69): warning C4244: 'argument': conversion from 'int' to 'float', possible loss of data
c:\users\alex3\desktop\checkers\board_international.h(111): warning C4244: 'argument': conversion from 'int' to 'float', possible loss of data
c:\users\alex3\desktop\checkers\board_international.h(113): warning C4244: 'argument': conversion from 'int' to 'float', possible loss of data
c:\users\alex3\desktop\checkers\board_international.h(120): warning C4244: 'argument': conversion from 'int' to 'float', possible loss of data
c:\users\alex3\desktop\checkers\board_international.h(122): warning C4244: 'argument': conversion from 'int' to 'float', possible loss of data
c:\users\alex3\desktop\checkers\board_international.h(168): warning C4018: '<': signed/unsigned mismatch
c:\users\alex3\desktop\checkers\checkers_on_board_inter.h(76): warning C4018: '<': signed/unsigned mismatch
c:\users\alex3\desktop\checkers\game.h(142): warning C4018: '<': signed/unsigned mismatch
c:\users\alex3\desktop\checkers\game.h(151): warning C4018: '<': signed/unsigned mismatch
c:\users\alex3\desktop\checkers\game.h(160): warning C4018: '<': signed/unsigned mismatch
c:\users\alex3\desktop\checkers\game.h(179): warning C4018: '<': signed/unsigned mismatch
c:\users\alex3\desktop\checkers\game.h(351): warning C4244: 'argument': conversion from 'float' to 'int', possible loss of data
c:\users\alex3\desktop\checkers\game.h(354): warning C4244: 'argument': conversion from 'T' to 'float', possible loss of data
          with
          [
              T=int
          ]
c:\users\alex3\desktop\checkers\game.h(356): warning C4244: '=': conversion from 'int' to 'float', possible loss of data
c:\users\alex3\desktop\checkers\game.h(357): warning C4244: '=': conversion from 'int' to 'float', possible loss of data
c:\users\alex3\desktop\checkers\game.h(365): warning C4244: 'argument': conversion from 'T' to 'float', possible loss of data
          with
          [
              T=int
          ]
c:\users\alex3\desktop\checkers\game.h(369): warning C4244: '=': conversion from 'int' to 'float', possible loss of data
c:\users\alex3\desktop\checkers\game.h(370): warning C4244: '=': conversion from 'int' to 'float', possible loss of data
c:\users\alex3\desktop\checkers\game.h(403): warning C4244: 'argument': conversion from 'float' to 'int', possible loss of data
c:\users\alex3\desktop\checkers\game.h(406): warning C4244: 'argument': conversion from 'T' to 'float', possible loss of data
          with
          [
              T=int
          ]
c:\users\alex3\desktop\checkers\game.h(408): warning C4244: '=': conversion from 'int' to 'float', possible loss of data
c:\users\alex3\desktop\checkers\game.h(409): warning C4244: '=': conversion from 'int' to 'float', possible loss of data
c:\users\alex3\desktop\checkers\game.h(417): warning C4244: 'argument': conversion from 'T' to 'float', possible loss of data
          with
          [
              T=int
          ]
c:\users\alex3\desktop\checkers\game.h(421): warning C4244: '=': conversion from 'int' to 'float', possible loss of data
c:\users\alex3\desktop\checkers\game.h(422): warning C4244: '=': conversion from 'int' to 'float', possible loss of data
c:\users\alex3\desktop\checkers\game.h(452): warning C4244: 'argument': conversion from 'float' to 'int', possible loss of data
c:\users\alex3\desktop\checkers\game.h(453): warning C4244: 'argument': conversion from 'float' to 'int', possible loss of data
c:\users\alex3\desktop\checkers\game.h(454): warning C4244: 'argument': conversion from 'float' to 'int', possible loss of data
c:\users\alex3\desktop\checkers\game.h(458): warning C4244: 'argument': conversion from 'float' to 'int', possible loss of data
c:\users\alex3\desktop\checkers\game.h(459): warning C4244: 'argument': conversion from 'float' to 'int', possible loss of data
c:\users\alex3\desktop\checkers\game.h(460): warning C4244: 'argument': conversion from 'float' to 'int', possible loss of data
c:\users\alex3\desktop\checkers\game.h(464): warning C4244: 'argument': conversion from 'float' to 'int', possible loss of data
c:\users\alex3\desktop\checkers\game.h(465): warning C4244: 'argument': conversion from 'float' to 'int', possible loss of data
c:\users\alex3\desktop\checkers\game.h(466): warning C4244: 'argument': conversion from 'float' to 'int', possible loss of data
c:\users\alex3\desktop\checkers\game.h(470): warning C4244: 'argument': conversion from 'float' to 'int', possible loss of data
c:\users\alex3\desktop\checkers\game.h(471): warning C4244: 'argument': conversion from 'float' to 'int', possible loss of data
c:\users\alex3\desktop\checkers\game.h(472): warning C4244: 'argument': conversion from 'float' to 'int', possible loss of data
c:\users\alex3\desktop\checkers\game.h(493): warning C4244: 'argument': conversion from 'float' to 'int', possible loss of data
c:\users\alex3\desktop\checkers\game.h(494): warning C4244: 'argument': conversion from 'float' to 'int', possible loss of data
c:\users\alex3\desktop\checkers\game.h(495): warning C4244: 'argument': conversion from 'float' to 'int', possible loss of data
c:\users\alex3\desktop\checkers\game.h(499): warning C4244: 'argument': conversion from 'float' to 'int', possible loss of data
c:\users\alex3\desktop\checkers\game.h(500): warning C4244: 'argument': conversion from 'float' to 'int', possible loss of data
c:\users\alex3\desktop\checkers\game.h(501): warning C4244: 'argument': conversion from 'float' to 'int', possible loss of data
c:\users\alex3\desktop\checkers\game.h(505): warning C4244: 'argument': conversion from 'float' to 'int', possible loss of data
c:\users\alex3\desktop\checkers\game.h(506): warning C4244: 'argument': conversion from 'float' to 'int', possible loss of data
c:\users\alex3\desktop\checkers\game.h(507): warning C4244: 'argument': conversion from 'float' to 'int', possible loss of data
c:\users\alex3\desktop\checkers\game.h(511): warning C4244: 'argument': conversion from 'float' to 'int', possible loss of data
c:\users\alex3\desktop\checkers\game.h(512): warning C4244: 'argument': conversion from 'float' to 'int', possible loss of data
c:\users\alex3\desktop\checkers\game.h(513): warning C4244: 'argument': conversion from 'float' to 'int', possible loss of data
c:\users\alex3\desktop\checkers\game.h(529): warning C4244: 'argument': conversion from 'time_t' to 'unsigned int', possible loss of data
c:\users\alex3\desktop\checkers\game.h(544): warning C4244: 'argument': conversion from 'float' to 'int', possible loss of data
c:\users\alex3\desktop\checkers\game.h(549): warning C4244: 'argument': conversion from 'float' to 'int', possible loss of data
c:\users\alex3\desktop\checkers\game.h(551): warning C4244: 'argument': conversion from 'float' to 'int', possible loss of data
c:\users\alex3\desktop\checkers\game.h(557): warning C4244: 'argument': conversion from 'float' to 'int', possible loss of data
c:\users\alex3\desktop\checkers\game.h(562): warning C4244: 'argument': conversion from 'float' to 'int', possible loss of data
c:\users\alex3\desktop\checkers\game.h(564): warning C4244: 'argument': conversion from 'float' to 'int', possible loss of data
c:\users\alex3\desktop\checkers\game.h(570): warning C4244: 'argument': conversion from 'float' to 'int', possible loss of data
c:\users\alex3\desktop\checkers\game.h(575): warning C4244: 'argument': conversion from 'float' to 'int', possible loss of data
c:\users\alex3\desktop\checkers\game.h(577): warning C4244: 'argument': conversion from 'float' to 'int', possible loss of data
c:\users\alex3\desktop\checkers\game.h(583): warning C4244: 'argument': conversion from 'float' to 'int', possible loss of data
c:\users\alex3\desktop\checkers\game.h(588): warning C4244: 'argument': conversion from 'float' to 'int', possible loss of data
c:\users\alex3\desktop\checkers\game.h(590): warning C4244: 'argument': conversion from 'float' to 'int', possible loss of data
c:\users\alex3\desktop\checkers\game.h(601): warning C4244: 'argument': conversion from 'time_t' to 'unsigned int', possible loss of data
c:\users\alex3\desktop\checkers\game.h(616): warning C4244: 'argument': conversion from 'float' to 'int', possible loss of data
c:\users\alex3\desktop\checkers\game.h(621): warning C4244: 'argument': conversion from 'float' to 'int', possible loss of data
c:\users\alex3\desktop\checkers\game.h(623): warning C4244: 'argument': conversion from 'float' to 'int', possible loss of data
c:\users\alex3\desktop\checkers\game.h(629): warning C4244: 'argument': conversion from 'float' to 'int', possible loss of data
c:\users\alex3\desktop\checkers\game.h(634): warning C4244: 'argument': conversion from 'float' to 'int', possible loss of data
c:\users\alex3\desktop\checkers\game.h(636): warning C4244: 'argument': conversion from 'float' to 'int', possible loss of data
c:\users\alex3\desktop\checkers\game.h(642): warning C4244: 'argument': conversion from 'float' to 'int', possible loss of data
c:\users\alex3\desktop\checkers\game.h(647): warning C4244: 'argument': conversion from 'float' to 'int', possible loss of data
c:\users\alex3\desktop\checkers\game.h(649): warning C4244: 'argument': conversion from 'float' to 'int', possible loss of data
c:\users\alex3\desktop\checkers\game.h(655): warning C4244: 'argument': conversion from 'float' to 'int', possible loss of data
c:\users\alex3\desktop\checkers\game.h(660): warning C4244: 'argument': conversion from 'float' to 'int', possible loss of data
c:\users\alex3\desktop\checkers\game.h(662): warning C4244: 'argument': conversion from 'float' to 'int', possible loss of data
c:\users\alex3\desktop\checkers\game.h(682): warning C4244: 'argument': conversion from 'float' to 'int', possible loss of data
c:\users\alex3\desktop\checkers\game.h(683): warning C4244: 'argument': conversion from 'float' to 'int', possible loss of data
c:\users\alex3\desktop\checkers\game.h(684): warning C4244: 'argument': conversion from 'float' to 'int', possible loss of data
c:\users\alex3\desktop\checkers\game.h(685): warning C4244: 'argument': conversion from 'float' to 'int', possible loss of data
c:\users\alex3\desktop\checkers\game.h(686): warning C4244: 'argument': conversion from 'float' to 'int', possible loss of data
c:\users\alex3\desktop\checkers\game.h(687): warning C4244: 'argument': conversion from 'float' to 'int', possible loss of data
c:\users\alex3\desktop\checkers\game.h(688): warning C4244: 'argument': conversion from 'float' to 'int', possible loss of data
c:\users\alex3\desktop\checkers\game.h(689): warning C4244: 'argument': conversion from 'float' to 'int', possible loss of data
c:\users\alex3\desktop\checkers\game.h(690): warning C4244: 'argument': conversion from 'float' to 'int', possible loss of data
c:\users\alex3\desktop\checkers\game.h(691): warning C4244: 'argument': conversion from 'float' to 'int', possible loss of data
c:\users\alex3\desktop\checkers\game.h(692): warning C4244: 'argument': conversion from 'float' to 'int', possible loss of data
c:\users\alex3\desktop\checkers\game.h(693): warning C4244: 'argument': conversion from 'float' to 'int', possible loss of data
c:\users\alex3\desktop\checkers\game.h(721): warning C4244: 'argument': conversion from 'float' to 'int', possible loss of data
c:\users\alex3\desktop\checkers\game.h(722): warning C4244: 'argument': conversion from 'float' to 'int', possible loss of data
c:\users\alex3\desktop\checkers\game.h(723): warning C4244: 'argument': conversion from 'float' to 'int', possible loss of data
c:\users\alex3\desktop\checkers\game.h(724): warning C4244: 'argument': conversion from 'float' to 'int', possible loss of data
c:\users\alex3\desktop\checkers\game.h(725): warning C4244: 'argument': conversion from 'float' to 'int', possible loss of data
c:\users\alex3\desktop\checkers\game.h(726): warning C4244: 'argument': conversion from 'float' to 'int', possible loss of data
c:\users\alex3\desktop\checkers\game.h(727): warning C4244: 'argument': conversion from 'float' to 'int', possible loss of data
c:\users\alex3\desktop\checkers\game.h(728): warning C4244: 'argument': conversion from 'float' to 'int', possible loss of data
c:\users\alex3\desktop\checkers\game.h(729): warning C4244: 'argument': conversion from 'float' to 'int', possible loss of data
c:\users\alex3\desktop\checkers\game.h(730): warning C4244: 'argument': conversion from 'float' to 'int', possible loss of data
c:\users\alex3\desktop\checkers\game.h(731): warning C4244: 'argument': conversion from 'float' to 'int', possible loss of data
c:\users\alex3\desktop\checkers\game.h(732): warning C4244: 'argument': conversion from 'float' to 'int', possible loss of data
c:\users\alex3\desktop\checkers\game.h(803): warning C4018: '>': signed/unsigned mismatch
c:\users\alex3\desktop\checkers\game.h(823): warning C4244: 'initializing': conversion from 'float' to 'int', possible loss of data
c:\users\alex3\desktop\checkers\game.h(824): warning C4244: 'initializing': conversion from 'float' to 'int', possible loss of data
c:\users\alex3\desktop\checkers\game.h(848): warning C4244: 'argument': conversion from 'float' to 'int', possible loss of data
c:\users\alex3\desktop\checkers\game.h(849): warning C4244: 'argument': conversion from 'float' to 'int', possible loss of data
c:\users\alex3\desktop\checkers\game.h(850): warning C4244: 'argument': conversion from 'float' to 'int', possible loss of data
c:\users\alex3\desktop\checkers\game.h(854): warning C4244: 'argument': conversion from 'float' to 'int', possible loss of data
c:\users\alex3\desktop\checkers\game.h(856): warning C4244: 'argument': conversion from 'float' to 'int', possible loss of data
c:\users\alex3\desktop\checkers\game.h(861): warning C4244: 'argument': conversion from 'float' to 'int', possible loss of data
c:\users\alex3\desktop\checkers\game.h(862): warning C4244: 'argument': conversion from 'float' to 'int', possible loss of data
c:\users\alex3\desktop\checkers\game.h(863): warning C4244: 'argument': conversion from 'float' to 'int', possible loss of data
c:\users\alex3\desktop\checkers\game.h(867): warning C4244: 'argument': conversion from 'float' to 'int', possible loss of data
c:\users\alex3\desktop\checkers\game.h(869): warning C4244: 'argument': conversion from 'float' to 'int', possible loss of data
c:\users\alex3\desktop\checkers\game.h(874): warning C4244: 'argument': conversion from 'float' to 'int', possible loss of data
c:\users\alex3\desktop\checkers\game.h(875): warning C4244: 'argument': conversion from 'float' to 'int', possible loss of data
c:\users\alex3\desktop\checkers\game.h(876): warning C4244: 'argument': conversion from 'float' to 'int', possible loss of data
c:\users\alex3\desktop\checkers\game.h(880): warning C4244: 'argument': conversion from 'float' to 'int', possible loss of data
c:\users\alex3\desktop\checkers\game.h(882): warning C4244: 'argument': conversion from 'float' to 'int', possible loss of data
c:\users\alex3\desktop\checkers\game.h(887): warning C4244: 'argument': conversion from 'float' to 'int', possible loss of data
c:\users\alex3\desktop\checkers\game.h(888): warning C4244: 'argument': conversion from 'float' to 'int', possible loss of data
c:\users\alex3\desktop\checkers\game.h(889): warning C4244: 'argument': conversion from 'float' to 'int', possible loss of data
c:\users\alex3\desktop\checkers\game.h(893): warning C4244: 'argument': conversion from 'float' to 'int', possible loss of data
c:\users\alex3\desktop\checkers\game.h(895): warning C4244: 'argument': conversion from 'float' to 'int', possible loss of data
c:\users\alex3\desktop\checkers\game.h(911): warning C4244: 'argument': conversion from 'float' to 'int', possible loss of data
c:\users\alex3\desktop\checkers\game.h(912): warning C4244: 'argument': conversion from 'float' to 'int', possible loss of data
c:\users\alex3\desktop\checkers\game.h(913): warning C4244: 'argument': conversion from 'float' to 'int', possible loss of data
c:\users\alex3\desktop\checkers\game.h(917): warning C4244: 'argument': conversion from 'float' to 'int', possible loss of data
c:\users\alex3\desktop\checkers\game.h(920): warning C4244: 'argument': conversion from 'float' to 'int', possible loss of data
c:\users\alex3\desktop\checkers\game.h(925): warning C4244: 'argument': conversion from 'float' to 'int', possible loss of data
c:\users\alex3\desktop\checkers\game.h(926): warning C4244: 'argument': conversion from 'float' to 'int', possible loss of data
c:\users\alex3\desktop\checkers\game.h(927): warning C4244: 'argument': conversion from 'float' to 'int', possible loss of data
c:\users\alex3\desktop\checkers\game.h(931): warning C4244: 'argument': conversion from 'float' to 'int', possible loss of data
c:\users\alex3\desktop\checkers\game.h(934): warning C4244: 'argument': conversion from 'float' to 'int', possible loss of data
c:\users\alex3\desktop\checkers\game.h(939): warning C4244: 'argument': conversion from 'float' to 'int', possible loss of data
c:\users\alex3\desktop\checkers\game.h(940): warning C4244: 'argument': conversion from 'float' to 'int', possible loss of data
c:\users\alex3\desktop\checkers\game.h(941): warning C4244: 'argument': conversion from 'float' to 'int', possible loss of data
c:\users\alex3\desktop\checkers\game.h(945): warning C4244: 'argument': conversion from 'float' to 'int', possible loss of data
c:\users\alex3\desktop\checkers\game.h(948): warning C4244: 'argument': conversion from 'float' to 'int', possible loss of data
c:\users\alex3\desktop\checkers\game.h(953): warning C4244: 'argument': conversion from 'float' to 'int', possible loss of data
c:\users\alex3\desktop\checkers\game.h(954): warning C4244: 'argument': conversion from 'float' to 'int', possible loss of data
c:\users\alex3\desktop\checkers\game.h(955): warning C4244: 'argument': conversion from 'float' to 'int', possible loss of data
c:\users\alex3\desktop\checkers\game.h(959): warning C4244: 'argument': conversion from 'float' to 'int', possible loss of data
c:\users\alex3\desktop\checkers\game.h(962): warning C4244: 'argument': conversion from 'float' to 'int', possible loss of data
c:\users\alex3\desktop\checkers\game.h(981): warning C4244: 'argument': conversion from 'float' to 'int', possible loss of data
c:\users\alex3\desktop\checkers\game.h(983): warning C4244: 'argument': conversion from 'float' to 'int', possible loss of data
c:\users\alex3\desktop\checkers\game.h(986): warning C4244: 'argument': conversion from 'float' to 'int', possible loss of data
c:\users\alex3\desktop\checkers\game.h(988): warning C4244: 'argument': conversion from 'float' to 'int', possible loss of data
c:\users\alex3\desktop\checkers\game.h(993): warning C4244: 'argument': conversion from 'float' to 'int', possible loss of data
c:\users\alex3\desktop\checkers\game.h(995): warning C4244: 'argument': conversion from 'float' to 'int', possible loss of data
c:\users\alex3\desktop\checkers\game.h(998): warning C4244: 'argument': conversion from 'float' to 'int', possible loss of data
c:\users\alex3\desktop\checkers\game.h(1000): warning C4244: 'argument': conversion from 'float' to 'int', possible loss of data
c:\users\alex3\desktop\checkers\game.h(1012): warning C4244: 'argument': conversion from 'float' to 'int', possible loss of data
c:\users\alex3\desktop\checkers\game.h(1014): warning C4244: 'argument': conversion from 'float' to 'int', possible loss of data
c:\users\alex3\desktop\checkers\game.h(1017): warning C4244: 'argument': conversion from 'float' to 'int', possible loss of data
c:\users\alex3\desktop\checkers\game.h(1019): warning C4244: 'argument': conversion from 'float' to 'int', possible loss of data
c:\users\alex3\desktop\checkers\game.h(1024): warning C4244: 'argument': conversion from 'float' to 'int', possible loss of data
c:\users\alex3\desktop\checkers\game.h(1026): warning C4244: 'argument': conversion from 'float' to 'int', possible loss of data
c:\users\alex3\desktop\checkers\game.h(1029): warning C4244: 'argument': conversion from 'float' to 'int', possible loss of data
c:\users\alex3\desktop\checkers\game.h(1031): warning C4244: 'argument': conversion from 'float' to 'int', possible loss of data
c:\users\alex3\desktop\checkers\game.h(1054): warning C4244: 'argument': conversion from 'float' to 'int', possible loss of data
c:\users\alex3\desktop\checkers\game.h(1055): warning C4244: 'argument': conversion from 'float' to 'int', possible loss of data
c:\users\alex3\desktop\checkers\game.h(1056): warning C4244: 'argument': conversion from 'float' to 'int', possible loss of data
c:\users\alex3\desktop\checkers\game.h(1058): warning C4244: 'argument': conversion from 'float' to 'int', possible loss of data
c:\users\alex3\desktop\checkers\game.h(1064): warning C4244: 'argument': conversion from 'float' to 'int', possible loss of data
c:\users\alex3\desktop\checkers\game.h(1065): warning C4244: 'argument': conversion from 'float' to 'int', possible loss of data
c:\users\alex3\desktop\checkers\game.h(1066): warning C4244: 'argument': conversion from 'float' to 'int', possible loss of data
c:\users\alex3\desktop\checkers\game.h(1068): warning C4244: 'argument': conversion from 'float' to 'int', possible loss of data
c:\users\alex3\desktop\checkers\game.h(1074): warning C4244: 'argument': conversion from 'float' to 'int', possible loss of data
c:\users\alex3\desktop\checkers\game.h(1075): warning C4244: 'argument': conversion from 'float' to 'int', possible loss of data
c:\users\alex3\desktop\checkers\game.h(1076): warning C4244: 'argument': conversion from 'float' to 'int', possible loss of data
c:\users\alex3\desktop\checkers\game.h(1078): warning C4244: 'argument': conversion from 'float' to 'int', possible loss of data
c:\users\alex3\desktop\checkers\game.h(1084): warning C4244: 'argument': conversion from 'float' to 'int', possible loss of data
c:\users\alex3\desktop\checkers\game.h(1085): warning C4244: 'argument': conversion from 'float' to 'int', possible loss of data
c:\users\alex3\desktop\checkers\game.h(1086): warning C4244: 'argument': conversion from 'float' to 'int', possible loss of data
c:\users\alex3\desktop\checkers\game.h(1088): warning C4244: 'argument': conversion from 'float' to 'int', possible loss of data
c:\users\alex3\desktop\checkers\game.h(1099): warning C4244: 'argument': conversion from 'float' to 'int', possible loss of data
c:\users\alex3\desktop\checkers\game.h(1100): warning C4244: 'argument': conversion from 'float' to 'int', possible loss of data
c:\users\alex3\desktop\checkers\game.h(1101): warning C4244: 'argument': conversion from 'float' to 'int', possible loss of data
c:\users\alex3\desktop\checkers\game.h(1103): warning C4244: 'argument': conversion from 'float' to 'int', possible loss of data
c:\users\alex3\desktop\checkers\game.h(1109): warning C4244: 'argument': conversion from 'float' to 'int', possible loss of data
c:\users\alex3\desktop\checkers\game.h(1110): warning C4244: 'argument': conversion from 'float' to 'int', possible loss of data
c:\users\alex3\desktop\checkers\game.h(1111): warning C4244: 'argument': conversion from 'float' to 'int', possible loss of data
c:\users\alex3\desktop\checkers\game.h(1113): warning C4244: 'argument': conversion from 'float' to 'int', possible loss of data
c:\users\alex3\desktop\checkers\game.h(1119): warning C4244: 'argument': conversion from 'float' to 'int', possible loss of data
c:\users\alex3\desktop\checkers\game.h(1120): warning C4244: 'argument': conversion from 'float' to 'int', possible loss of data
c:\users\alex3\desktop\checkers\game.h(1121): warning C4244: 'argument': conversion from 'float' to 'int', possible loss of data
c:\users\alex3\desktop\checkers\game.h(1123): warning C4244: 'argument': conversion from 'float' to 'int', possible loss of data
c:\users\alex3\desktop\checkers\game.h(1129): warning C4244: 'argument': conversion from 'float' to 'int', possible loss of data
c:\users\alex3\desktop\checkers\game.h(1130): warning C4244: 'argument': conversion from 'float' to 'int', possible loss of data
c:\users\alex3\desktop\checkers\game.h(1131): warning C4244: 'argument': conversion from 'float' to 'int', possible loss of data
c:\users\alex3\desktop\checkers\game.h(1133): warning C4244: 'argument': conversion from 'float' to 'int', possible loss of data
c:\users\alex3\desktop\checkers\game.h(1145): warning C4244: 'argument': conversion from 'float' to 'int', possible loss of data
c:\users\alex3\desktop\checkers\game.h(1146): warning C4244: 'argument': conversion from 'float' to 'int', possible loss of data
c:\users\alex3\desktop\checkers\game.h(1147): warning C4244: 'argument': conversion from 'float' to 'int', possible loss of data
c:\users\alex3\desktop\checkers\game.h(1149): warning C4244: 'argument': conversion from 'float' to 'int', possible loss of data
c:\users\alex3\desktop\checkers\game.h(1155): warning C4244: 'argument': conversion from 'float' to 'int', possible loss of data
c:\users\alex3\desktop\checkers\game.h(1156): warning C4244: 'argument': conversion from 'float' to 'int', possible loss of data
c:\users\alex3\desktop\checkers\game.h(1157): warning C4244: 'argument': conversion from 'float' to 'int', possible loss of data
c:\users\alex3\desktop\checkers\game.h(1159): warning C4244: 'argument': conversion from 'float' to 'int', possible loss of data
c:\users\alex3\desktop\checkers\game.h(1165): warning C4244: 'argument': conversion from 'float' to 'int', possible loss of data
c:\users\alex3\desktop\checkers\game.h(1166): warning C4244: 'argument': conversion from 'float' to 'int', possible loss of data
c:\users\alex3\desktop\checkers\game.h(1167): warning C4244: 'argument': conversion from 'float' to 'int', possible loss of data
c:\users\alex3\desktop\checkers\game.h(1169): warning C4244: 'argument': conversion from 'float' to 'int', possible loss of data
c:\users\alex3\desktop\checkers\game.h(1175): warning C4244: 'argument': conversion from 'float' to 'int', possible loss of data
c:\users\alex3\desktop\checkers\game.h(1176): warning C4244: 'argument': conversion from 'float' to 'int', possible loss of data
c:\users\alex3\desktop\checkers\game.h(1177): warning C4244: 'argument': conversion from 'float' to 'int', possible loss of data
c:\users\alex3\desktop\checkers\game.h(1179): warning C4244: 'argument': conversion from 'float' to 'int', possible loss of data
c:\users\alex3\desktop\checkers\game.h(1200): warning C4244: 'argument': conversion from 'float' to 'int', possible loss of data
c:\users\alex3\desktop\checkers\game.h(1226): warning C4244: 'argument': conversion from 'float' to 'int', possible loss of data
c:\users\alex3\desktop\checkers\game.h(1289): warning C4838: conversion from 'int' to 'bool' requires a narrowing conversion
c:\users\alex3\desktop\checkers\game.h(1291): warning C4244: 'initializing': conversion from 'float' to 'int', possible loss of data
c:\users\alex3\desktop\checkers\game.h(1292): warning C4244: 'initializing': conversion from 'float' to 'int', possible loss of data
c:\users\alex3\desktop\checkers\game.h(1296): warning C4244: 'argument': conversion from 'int' to 'float', possible loss of data
c:\users\alex3\desktop\checkers\game.h(1302): warning C4244: 'argument': conversion from 'int' to 'float', possible loss of data
c:\users\alex3\desktop\checkers\game.h(1326): warning C4244: '=': conversion from 'float' to 'int', possible loss of data
c:\users\alex3\desktop\checkers\game.h(1327): warning C4244: '=': conversion from 'float' to 'int', possible loss of data
c:\users\alex3\desktop\checkers\game.h(1329): warning C4244: 'argument': conversion from 'int' to 'float', possible loss of data
c:\users\alex3\desktop\checkers\game.h(1335): warning C4244: 'argument': conversion from 'int' to 'float', possible loss of data
c:\users\alex3\desktop\checkers\game.h(1359): warning C4244: '=': conversion from 'float' to 'int', possible loss of data
c:\users\alex3\desktop\checkers\game.h(1360): warning C4244: '=': conversion from 'float' to 'int', possible loss of data
c:\users\alex3\desktop\checkers\game.h(1362): warning C4244: 'argument': conversion from 'int' to 'float', possible loss of data
c:\users\alex3\desktop\checkers\game.h(1368): warning C4244: 'argument': conversion from 'int' to 'float', possible loss of data
c:\users\alex3\desktop\checkers\game.h(1392): warning C4244: '=': conversion from 'float' to 'int', possible loss of data
c:\users\alex3\desktop\checkers\game.h(1393): warning C4244: '=': conversion from 'float' to 'int', possible loss of data
c:\users\alex3\desktop\checkers\game.h(1395): warning C4244: 'argument': conversion from 'int' to 'float', possible loss of data
c:\users\alex3\desktop\checkers\game.h(1401): warning C4244: 'argument': conversion from 'int' to 'float', possible loss of data
c:\users\alex3\desktop\checkers\game.h(1437): warning C4838: conversion from 'int' to 'bool' requires a narrowing conversion
c:\users\alex3\desktop\checkers\game.h(1439): warning C4244: 'initializing': conversion from 'float' to 'int', possible loss of data
c:\users\alex3\desktop\checkers\game.h(1440): warning C4244: 'initializing': conversion from 'float' to 'int', possible loss of data
c:\users\alex3\desktop\checkers\game.h(1444): warning C4244: 'argument': conversion from 'int' to 'float', possible loss of data
c:\users\alex3\desktop\checkers\game.h(1450): warning C4244: 'argument': conversion from 'int' to 'float', possible loss of data
c:\users\alex3\desktop\checkers\game.h(1474): warning C4244: '=': conversion from 'float' to 'int', possible loss of data
c:\users\alex3\desktop\checkers\game.h(1475): warning C4244: '=': conversion from 'float' to 'int', possible loss of data
c:\users\alex3\desktop\checkers\game.h(1477): warning C4244: 'argument': conversion from 'int' to 'float', possible loss of data
c:\users\alex3\desktop\checkers\game.h(1483): warning C4244: 'argument': conversion from 'int' to 'float', possible loss of data
c:\users\alex3\desktop\checkers\game.h(1507): warning C4244: '=': conversion from 'float' to 'int', possible loss of data
c:\users\alex3\desktop\checkers\game.h(1508): warning C4244: '=': conversion from 'float' to 'int', possible loss of data
c:\users\alex3\desktop\checkers\game.h(1510): warning C4244: 'argument': conversion from 'int' to 'float', possible loss of data
c:\users\alex3\desktop\checkers\game.h(1516): warning C4244: 'argument': conversion from 'int' to 'float', possible loss of data
c:\users\alex3\desktop\checkers\game.h(1540): warning C4244: '=': conversion from 'float' to 'int', possible loss of data
c:\users\alex3\desktop\checkers\game.h(1541): warning C4244: '=': conversion from 'float' to 'int', possible loss of data
c:\users\alex3\desktop\checkers\game.h(1543): warning C4244: 'argument': conversion from 'int' to 'float', possible loss of data
c:\users\alex3\desktop\checkers\game.h(1549): warning C4244: 'argument': conversion from 'int' to 'float', possible loss of data
c:\users\alex3\desktop\checkers\game.h(1585): warning C4838: conversion from 'int' to 'bool' requires a narrowing conversion
c:\users\alex3\desktop\checkers\game.h(1587): warning C4244: 'initializing': conversion from 'float' to 'int', possible loss of data
c:\users\alex3\desktop\checkers\game.h(1588): warning C4244: 'initializing': conversion from 'float' to 'int', possible loss of data
c:\users\alex3\desktop\checkers\game.h(1592): warning C4244: 'argument': conversion from 'int' to 'float', possible loss of data
c:\users\alex3\desktop\checkers\game.h(1598): warning C4244: 'argument': conversion from 'int' to 'float', possible loss of data
c:\users\alex3\desktop\checkers\game.h(1622): warning C4244: '=': conversion from 'float' to 'int', possible loss of data
c:\users\alex3\desktop\checkers\game.h(1623): warning C4244: '=': conversion from 'float' to 'int', possible loss of data
c:\users\alex3\desktop\checkers\game.h(1625): warning C4244: 'argument': conversion from 'int' to 'float', possible loss of data
c:\users\alex3\desktop\checkers\game.h(1631): warning C4244: 'argument': conversion from 'int' to 'float', possible loss of data
c:\users\alex3\desktop\checkers\game.h(1655): warning C4244: '=': conversion from 'float' to 'int', possible loss of data
c:\users\alex3\desktop\checkers\game.h(1656): warning C4244: '=': conversion from 'float' to 'int', possible loss of data
c:\users\alex3\desktop\checkers\game.h(1658): warning C4244: 'argument': conversion from 'int' to 'float', possible loss of data
c:\users\alex3\desktop\checkers\game.h(1664): warning C4244: 'argument': conversion from 'int' to 'float', possible loss of data
c:\users\alex3\desktop\checkers\game.h(1688): warning C4244: '=': conversion from 'float' to 'int', possible loss of data
c:\users\alex3\desktop\checkers\game.h(1689): warning C4244: '=': conversion from 'float' to 'int', possible loss of data
c:\users\alex3\desktop\checkers\game.h(1691): warning C4244: 'argument': conversion from 'int' to 'float', possible loss of data
c:\users\alex3\desktop\checkers\game.h(1697): warning C4244: 'argument': conversion from 'int' to 'float', possible loss of data
c:\users\alex3\desktop\checkers\game.h(1739): warning C4244: 'initializing': conversion from 'float' to 'int', possible loss of data
c:\users\alex3\desktop\checkers\game.h(1740): warning C4244: 'initializing': conversion from 'float' to 'int', possible loss of data
c:\users\alex3\desktop\checkers\game.h(1757): warning C4244: 'initializing': conversion from 'float' to 'int', possible loss of data
c:\users\alex3\desktop\checkers\game.h(1758): warning C4244: 'initializing': conversion from 'float' to 'int', possible loss of data
c:\users\alex3\desktop\checkers\game.h(1775): warning C4244: 'initializing': conversion from 'float' to 'int', possible loss of data
c:\users\alex3\desktop\checkers\game.h(1776): warning C4244: 'initializing': conversion from 'float' to 'int', possible loss of data
c:\users\alex3\desktop\checkers\game.h(1793): warning C4244: 'initializing': conversion from 'float' to 'int', possible loss of data
c:\users\alex3\desktop\checkers\game.h(1794): warning C4244: 'initializing': conversion from 'float' to 'int', possible loss of data
c:\users\alex3\desktop\checkers\game.h(1813): warning C4244: 'argument': conversion from 'float' to 'int', possible loss of data
c:\users\alex3\desktop\checkers\game.h(1834): warning C4244: 'initializing': conversion from 'float' to 'int', possible loss of data
c:\users\alex3\desktop\checkers\game.h(1835): warning C4244: 'initializing': conversion from 'float' to 'int', possible loss of data
c:\users\alex3\desktop\checkers\game.h(1852): warning C4244: 'initializing': conversion from 'float' to 'int', possible loss of data
c:\users\alex3\desktop\checkers\game.h(1853): warning C4244: 'initializing': conversion from 'float' to 'int', possible loss of data
c:\users\alex3\desktop\checkers\game.h(1870): warning C4244: 'initializing': conversion from 'float' to 'int', possible loss of data
c:\users\alex3\desktop\checkers\game.h(1871): warning C4244: 'initializing': conversion from 'float' to 'int', possible loss of data
c:\users\alex3\desktop\checkers\game.h(1888): warning C4244: 'initializing': conversion from 'float' to 'int', possible loss of data
c:\users\alex3\desktop\checkers\game.h(1889): warning C4244: 'initializing': conversion from 'float' to 'int', possible loss of data
c:\users\alex3\desktop\checkers\game.h(1908): warning C4244: 'argument': conversion from 'float' to 'int', possible loss of data
c:\users\alex3\desktop\checkers\game.h(2020): warning C4100: '_event': unreferenced formal parameter
c:\users\alex3\desktop\checkers\game.h(2020): warning C4100: '_window': unreferenced formal parameter
c:\users\alex3\desktop\checkers\game.h(2124): warning C4456: declaration of 'out' hides previous local declaration
  c:\users\alex3\desktop\checkers\game.h(2118): note: see declaration of 'out'
c:\users\alex3\desktop\checkers\game.h(2190): warning C4456: declaration of 'out' hides previous local declaration
  c:\users\alex3\desktop\checkers\game.h(2184): note: see declaration of 'out'
c:\users\alex3\desktop\checkers\game.h(2028): warning C4100: '_event': unreferenced formal parameter
c:\users\alex3\desktop\checkers\menu.cpp(21): warning C4100: 'window': unreferenced formal parameter
c:\users\alex3\desktop\checkers\menu.cpp(399): warning C4100: 'window': unreferenced formal parameter
c:\users\alex3\desktop\checkers\menu.cpp(850): warning C4456: declaration of 'in' hides previous local declaration
  c:\users\alex3\desktop\checkers\menu.cpp(779): note: see declaration of 'in'
c:\users\alex3\desktop\checkers\menu.cpp(859): warning C4018: '<': signed/unsigned mismatch
c:\users\alex3\desktop\checkers\menu.cpp(868): warning C4018: '<': signed/unsigned mismatch
c:\users\alex3\desktop\checkers\menu.cpp(877): warning C4018: '<': signed/unsigned mismatch
c:\users\alex3\desktop\checkers\game.h(207): warning C4715: 'Game::centre_on_square': not all control paths return a value
c:\users\alex3\desktop\checkers\game.h(1050): warning C4715: 'Game::chance_eat_checker': not all control paths return a value
c:\users\alex3\desktop\checkers\game.h(1432): warning C4715: 'Game::queen_square_for_move_Inter': not all control paths return a value
c:\users\alex3\desktop\checkers\game.h(1580): warning C4715: 'Game::queen_square_for_move_Checkers': not all control paths return a value
c:\users\alex3\desktop\checkers\game.h(1728): warning C4715: 'Game::queen_square_for_move_Russian': not all control paths return a value
  ChessDDZ.vcxproj -> C:\Users\alex3\Desktop\Checkers\Debug\ChessDDZ.exe
